Arguments: 
  C:\Program Files\nodejs\node.exe C:\Program Files (x86)\Yarn\bin\yarn.js

PATH: 
  C:\Program Files\Git\mingw64\bin;C:\Program Files\Git\usr\bin;C:\Users\ChidiChuks\bin;C:\Users\ChidiChuks\bin;C:\Program Files\Git\mingw64\bin;C:\Program Files\Git\usr\local\bin;C:\Program Files\Git\usr\bin;C:\Program Files\Git\usr\bin;C:\Program Files\Git\mingw64\bin;C:\Program Files\Git\usr\bin;C:\Users\ChidiChuks\bin;C:\Program Files (x86)\Common Files\Oracle\Java\javapath;C:\Python27;C:\Python27\Scripts;C:\WINDOWS\system32;C:\WINDOWS;C:\WINDOWS\System32\Wbem;C:\WINDOWS\System32\WindowsPowerShell\v1.0;C:\Program Files\Git\cmd;C:\WINDOWS\System32\OpenSSH;C:\ProgramData\chocolatey\bin;C:\Program Files\postgresql\11\bin;C:\Users\ChidiChuks\AppData\Roaming\nvm;C:\Program Files\nodejs;C:\Program Files\PostgreSQL\11\bin;C:\OpenSSL-Win64\bin;C:\Program Files (x86)\Yarn\bin;C:\Users\ChidiChuks\flutter\bin;C:\Program Files\MongoDB\Server\4.2\bin;C:\Program Files\Java\jdk1.8.0_221\bin;C:\Program Files\nodejs;C:\Program Files\heroku\bin;C:\Users\ChidiChuks\AppData\Local\Microsoft\WindowsApps;C:\Users\ChidiChuks\flutter\bin;C:\Users\ChidiChuks\AppData\Roaming\nvm;C:\Program Files\nodejs;C:\Program Files\PostgreSQL\10\bin;C:\Users\ChidiChuks\AppData\Local\Programs\Microsoft VS Code\bin;C:\Users\ChidiChuks\AppData\Local\Yarn\bin;C:\Users\ChidiChuks\AppData\Local\hyper\app-3.0.2\resources\bin;C:\Program Files\MongoDB\Server\4.2\bin;C:\Users\ChidiChuks\AppData\Local\Android\Sdk\platform-tools;C:\Users\ChidiChuks\AppData\Roaming\npm;C:\Program Files\Git\usr\bin\vendor_perl;C:\Program Files\Git\usr\bin\core_perl

Yarn version: 
  1.17.3

Node version: 
  12.8.0

Platform: 
  win32 x64

Trace: 
  SyntaxError: E:\PROJECTS\Private\Swift2Pay\package.json: Unexpected token } in JSON at position 823
      at JSON.parse (<anonymous>)
      at C:\Program Files (x86)\Yarn\lib\cli.js:1625:59
      at Generator.next (<anonymous>)
      at step (C:\Program Files (x86)\Yarn\lib\cli.js:304:30)
      at C:\Program Files (x86)\Yarn\lib\cli.js:315:13

npm manifest: 
  {
    "main": "node_modules/expo/AppEntry.js",
    "scripts": {
      "start": "expo start",
      "android": "expo start --android",
      "ios": "expo start --ios",
      "web": "expo start --web",
      "eject": "expo eject"
    },
    "dependencies": {
      "appcenter": "2.6.0",
      "appcenter-analytics": "2.6.0",
      "appcenter-crashes": "2.6.0",
      "expo": "^35.0.0",
      "react": "16.8.3",
      "react-dom": "16.8.3",
      "react-flutterwave-rave": "^1.0.4",
      "react-native": "https://github.com/expo/react-native/archive/sdk-35.0.0.tar.gz",
      "react-native-gesture-handler": "~1.3.0",
      "react-native-hyperlink": "0.0.16",
      "react-native-paper": "^3.3.0",
      "react-native-web": "^0.11.7",
      "react-navigation": "^4.0.8",
      "react-navigation-material-bottom-tabs": "^2.1.5",
      "react-navigation-stack": "^1.10.3",
    },
    "devDependencies": {
      "babel-preset-expo": "^7.1.0"
    },
    "private": true
  }

yarn manifest: 
  No manifest

Lockfile: 
  No lockfile
